<?xml version="1.0" encoding="UTF-8"?>
<testsuite xmlns:xsi="http://www.w3.org/2001/XMLSchema-instance" xsi:noNamespaceSchemaLocation="https://maven.apache.org/surefire/maven-surefire-plugin/xsd/surefire-test-report.xsd" name="com.example.AllTestSuiteDemoTest" time="0.088" tests="5" errors="0" skipped="1" failures="0">
  <properties>
[...]
</properties>
  <testcase name="com.example.Task01_TestJunit" classname="com.example.Task01_TestJunit" time="0">
    <skipped message="This Test is Ignored temporarily "/>
  </testcase>
  <testcase name="msgTest" classname="com.example.Task02_JunitTest01" time="0.014"/>
  <testcase name="testPrintMessage" classname="com.example.Task02_JunitTest02" time="0.002"/>
  <testcase name="testStringLength" classname="com.example.Task02_JunitTest03" time="0.001"/>
  <testcase name="testMultiply" classname="com.example.FixturesDemo" time="0.003"/>
</testsuite>